[debug] [2018-06-26T04:39:04.000Z] ----------------------------------------------------------------------
[debug] [2018-06-26T04:39:04.003Z] Command:       C:\Program Files\nodejs\node.exe C:\Users\tulio\AppData\Roaming\npm\node_modules\firebase-tools\bin\firebase deploy --except functions -p dist/mox-app2
[debug] [2018-06-26T04:39:04.003Z] CLI Version:   3.16.0
[debug] [2018-06-26T04:39:04.003Z] Platform:      win32
[debug] [2018-06-26T04:39:04.003Z] Node Version:  v10.5.0
[debug] [2018-06-26T04:39:04.004Z] Time:          Tue Jun 26 2018 01:39:04 GMT-0300 (GMT-03:00)
[debug] [2018-06-26T04:39:04.005Z] ----------------------------------------------------------------------
[debug] 
[debug] [2018-06-26T04:39:04.028Z] > command requires scopes: ["email","openid","https://www.googleapis.com/auth/cloudplatformprojects.readonly","https://www.googleapis.com/auth/firebase","https://www.googleapis.com/auth/cloud-platform"]
[debug] [2018-06-26T04:39:04.029Z] > authorizing via signed-in user
[debug] [2018-06-26T04:39:04.031Z] > refreshing access token with scopes: ["email","https://www.googleapis.com/auth/cloud-platform","https://www.googleapis.com/auth/cloudplatformprojects.readonly","https://www.googleapis.com/auth/firebase","openid"]
[debug] [2018-06-26T04:39:04.031Z] >>> HTTP REQUEST POST https://www.googleapis.com/oauth2/v3/token  
 { refresh_token: '1/aCNYLf4ihXJShz7j5hxr4OKRHWBgoRmVpVoQ2-JbqLc',
  client_id:
   '563584335869-fgrhgmd47bqnekij5i8b5pr03ho849e6.apps.googleusercontent.com',
  client_secret: 'j9iVZfS8kkCEFUPaAeJV0sAi',
  grant_type: 'refresh_token',
  scope:
   'email https://www.googleapis.com/auth/cloud-platform https://www.googleapis.com/auth/cloudplatformprojects.readonly https://www.googleapis.com/auth/firebase openid' } 
 Tue Jun 26 2018 01:39:04 GMT-0300 (GMT-03:00)
[debug] [2018-06-26T04:39:04.444Z] <<< HTTP RESPONSE 200
[debug] [2018-06-26T04:39:04.453Z] >>> HTTP REQUEST GET https://admin.firebase.com/v1/projects/mox-mtg  
  
 Tue Jun 26 2018 01:39:04 GMT-0300 (GMT-03:00)
